::1 - - [15/May/2022:16:36:28 +0000] "GET /api/session HTTP/1.1" 200 98
::1 - - [15/May/2022:16:36:28 +0000] "GET /api/session HTTP/1.1" 304 -
::1 - - [15/May/2022:16:36:46 +0000] "OPTIONS /api/login HTTP/1.1" 204 0
::1 - - [15/May/2022:16:36:46 +0000] "POST /api/login HTTP/1.1" 200 24
::1 - - [15/May/2022:16:36:50 +0000] "GET /api/users/ HTTP/1.1" - -
::1 - - [15/May/2022:16:36:54 +0000] "GET /api/session HTTP/1.1" 200 288
::1 - - [15/May/2022:16:36:54 +0000] "GET /api/session HTTP/1.1" 304 -
::1 - - [15/May/2022:16:36:54 +0000] "GET /api/session HTTP/1.1" 304 -
::1 - - [15/May/2022:16:36:54 +0000] "GET /api/session HTTP/1.1" 304 -
::1 - - [15/May/2022:16:36:54 +0000] "GET /api/session HTTP/1.1" 304 -
::1 - - [15/May/2022:16:36:54 +0000] "GET /api/session HTTP/1.1" 304 -
::1 - - [15/May/2022:16:36:54 +0000] "GET /api/session HTTP/1.1" 304 -
::1 - - [15/May/2022:16:36:54 +0000] "GET /api/session HTTP/1.1" 304 -
::1 - - [15/May/2022:16:36:59 +0000] "GET /api/session HTTP/1.1" 304 -
::1 - - [15/May/2022:16:36:59 +0000] "GET /api/session HTTP/1.1" 304 -
::1 - - [15/May/2022:16:36:59 +0000] "GET /api/session HTTP/1.1" 304 -
::1 - - [15/May/2022:16:36:59 +0000] "GET /api/session HTTP/1.1" 304 -
::1 - - [15/May/2022:16:37:00 +0000] "GET /api/session HTTP/1.1" 304 -
::1 - - [15/May/2022:16:37:00 +0000] "GET /api/session HTTP/1.1" 304 -
::1 - - [15/May/2022:16:37:04 +0000] "GET /api/session HTTP/1.1" 304 -
::1 - - [15/May/2022:16:37:04 +0000] "GET /api/session HTTP/1.1" 304 -
::1 - - [15/May/2022:16:37:04 +0000] "GET /api/session HTTP/1.1" 304 -
::1 - - [15/May/2022:16:37:04 +0000] "GET /api/session HTTP/1.1" 304 -
::1 - - [15/May/2022:16:37:04 +0000] "GET /api/session HTTP/1.1" 304 -
::1 - - [15/May/2022:16:37:04 +0000] "GET /api/session HTTP/1.1" 304 -
::1 - - [15/May/2022:16:37:04 +0000] "GET /api/session HTTP/1.1" 304 -
::1 - - [15/May/2022:16:37:04 +0000] "GET /api/session HTTP/1.1" 304 -
::1 - - [15/May/2022:16:41:56 +0000] "GET /api/users/ HTTP/1.1" - -
::1 - - [15/May/2022:16:41:57 +0000] "GET /api/session HTTP/1.1" 304 -
::1 - - [15/May/2022:16:41:57 +0000] "GET /api/session HTTP/1.1" 304 -
::1 - - [15/May/2022:16:41:57 +0000] "GET /api/session HTTP/1.1" 304 -
::1 - - [15/May/2022:16:41:57 +0000] "GET /api/session HTTP/1.1" 304 -
::1 - - [15/May/2022:16:41:57 +0000] "GET /api/session HTTP/1.1" 304 -
::1 - - [15/May/2022:16:41:57 +0000] "GET /api/session HTTP/1.1" 304 -
::1 - - [15/May/2022:16:41:57 +0000] "GET /api/session HTTP/1.1" 304 -
::1 - - [15/May/2022:16:41:57 +0000] "GET /api/session HTTP/1.1" 304 -
::1 - - [15/May/2022:16:42:23 +0000] "GET /api/users/ HTTP/1.1" - -
::1 - - [15/May/2022:16:46:06 +0000] "GET /api/session HTTP/1.1" 200 98
::1 - - [15/May/2022:16:46:06 +0000] "GET /api/session HTTP/1.1" 304 -
::1 - - [15/May/2022:16:46:06 +0000] "GET /api/users/ HTTP/1.1" 200 98
::1 - - [15/May/2022:16:47:15 +0000] "GET /api/session HTTP/1.1" 304 -
::1 - - [15/May/2022:16:47:15 +0000] "GET /api/session HTTP/1.1" 304 -
::1 - - [15/May/2022:16:47:15 +0000] "GET /api/users/ HTTP/1.1" 304 -
::1 - - [15/May/2022:16:47:34 +0000] "GET /api/session HTTP/1.1" 304 -
::1 - - [15/May/2022:16:47:34 +0000] "GET /api/session HTTP/1.1" 304 -
::1 - - [15/May/2022:16:47:34 +0000] "GET /api/users/ HTTP/1.1" 304 -
::1 - - [15/May/2022:16:47:48 +0000] "GET /api/session HTTP/1.1" 304 -
::1 - - [15/May/2022:16:47:48 +0000] "GET /api/session HTTP/1.1" 304 -
::1 - - [15/May/2022:16:47:48 +0000] "GET /api/users/ HTTP/1.1" 304 -
::1 - - [15/May/2022:16:47:51 +0000] "GET /api/session HTTP/1.1" 304 -
::1 - - [15/May/2022:16:47:51 +0000] "GET /api/session HTTP/1.1" 304 -
::1 - - [15/May/2022:16:47:51 +0000] "GET /api/users/ HTTP/1.1" 304 -
::1 - - [15/May/2022:16:47:56 +0000] "GET /api/session HTTP/1.1" 304 -
::1 - - [15/May/2022:16:47:56 +0000] "GET /api/session HTTP/1.1" 304 -
::1 - - [15/May/2022:16:47:56 +0000] "GET /api/users/ HTTP/1.1" 304 -
::1 - - [15/May/2022:16:48:01 +0000] "GET /api/session HTTP/1.1" 304 -
::1 - - [15/May/2022:16:48:01 +0000] "GET /api/session HTTP/1.1" 304 -
::1 - - [15/May/2022:16:48:01 +0000] "GET /api/users/ HTTP/1.1" 304 -
::1 - - [15/May/2022:16:48:33 +0000] "GET /api/session HTTP/1.1" 304 -
::1 - - [15/May/2022:16:48:33 +0000] "GET /api/session HTTP/1.1" 304 -
::1 - - [15/May/2022:16:48:40 +0000] "OPTIONS /api/login HTTP/1.1" 204 0
::1 - - [15/May/2022:16:48:40 +0000] "POST /api/login HTTP/1.1" 200 24
::1 - - [15/May/2022:16:48:48 +0000] "GET /api/session HTTP/1.1" 200 288
::1 - - [15/May/2022:16:48:48 +0000] "GET /api/session HTTP/1.1" 304 -
::1 - - [15/May/2022:16:48:48 +0000] "GET /api/session HTTP/1.1" 304 -
::1 - - [15/May/2022:16:48:48 +0000] "GET /api/session HTTP/1.1" 304 -
::1 - - [15/May/2022:16:48:48 +0000] "GET /api/session HTTP/1.1" 304 -
::1 - - [15/May/2022:16:48:48 +0000] "GET /api/session HTTP/1.1" 304 -
::1 - - [15/May/2022:16:48:48 +0000] "GET /api/session HTTP/1.1" 304 -
::1 - - [15/May/2022:16:48:48 +0000] "GET /api/session HTTP/1.1" 304 -
::1 - - [15/May/2022:16:50:44 +0000] "GET /api/session HTTP/1.1" 200 98
::1 - - [15/May/2022:16:50:44 +0000] "GET /api/session HTTP/1.1" 304 -
::1 - - [15/May/2022:16:50:49 +0000] "GET /api/session HTTP/1.1" 304 -
::1 - - [15/May/2022:16:50:49 +0000] "GET /api/session HTTP/1.1" 304 -
::1 - - [15/May/2022:16:50:59 +0000] "OPTIONS /api/login HTTP/1.1" 204 0
::1 - - [15/May/2022:16:50:59 +0000] "POST /api/login HTTP/1.1" 200 24
::1 - - [15/May/2022:16:51:00 +0000] "GET /api/session HTTP/1.1" 200 288
::1 - - [15/May/2022:16:51:00 +0000] "GET /api/session HTTP/1.1" 304 -
::1 - - [15/May/2022:16:51:00 +0000] "GET /api/session HTTP/1.1" 304 -
::1 - - [15/May/2022:16:51:00 +0000] "GET /api/session HTTP/1.1" 304 -
::1 - - [15/May/2022:16:51:00 +0000] "GET /api/session HTTP/1.1" 304 -
::1 - - [15/May/2022:16:51:00 +0000] "GET /api/session HTTP/1.1" 304 -
::1 - - [15/May/2022:16:51:00 +0000] "GET /api/session HTTP/1.1" 304 -
::1 - - [15/May/2022:16:51:00 +0000] "GET /api/session HTTP/1.1" 304 -
::1 - - [15/May/2022:16:51:05 +0000] "GET /api/session HTTP/1.1" 304 -
::1 - - [15/May/2022:16:51:05 +0000] "GET /api/session HTTP/1.1" 304 -
::1 - - [15/May/2022:16:51:05 +0000] "GET /api/session HTTP/1.1" 304 -
::1 - - [15/May/2022:16:51:05 +0000] "GET /api/session HTTP/1.1" 304 -
::1 - - [15/May/2022:16:51:05 +0000] "GET /api/session HTTP/1.1" 304 -
::1 - - [15/May/2022:16:51:05 +0000] "GET /api/session HTTP/1.1" 304 -
::1 - - [15/May/2022:16:51:05 +0000] "GET /api/session HTTP/1.1" 304 -
::1 - - [15/May/2022:16:51:05 +0000] "GET /api/session HTTP/1.1" 304 -
::1 - - [15/May/2022:16:51:37 +0000] "GET /api/users/ HTTP/1.1" - -
::1 - - [15/May/2022:16:51:37 +0000] "GET /api/session HTTP/1.1" 304 -
::1 - - [15/May/2022:16:51:37 +0000] "GET /api/session HTTP/1.1" 304 -
::1 - - [15/May/2022:16:51:38 +0000] "GET /api/session HTTP/1.1" 304 -
::1 - - [15/May/2022:16:51:38 +0000] "GET /api/session HTTP/1.1" 304 -
::1 - - [15/May/2022:16:51:38 +0000] "GET /api/session HTTP/1.1" 304 -
::1 - - [15/May/2022:16:51:38 +0000] "GET /api/session HTTP/1.1" 304 -
::1 - - [15/May/2022:16:51:38 +0000] "GET /api/session HTTP/1.1" 304 -
::1 - - [15/May/2022:16:51:38 +0000] "GET /api/session HTTP/1.1" 304 -
::1 - - [15/May/2022:16:51:38 +0000] "GET /api/users/ HTTP/1.1" - -
::1 - - [15/May/2022:16:51:38 +0000] "GET /api/session HTTP/1.1" 304 -
::1 - - [15/May/2022:16:51:38 +0000] "GET /api/session HTTP/1.1" 304 -
::1 - - [15/May/2022:16:51:38 +0000] "GET /api/session HTTP/1.1" 304 -
::1 - - [15/May/2022:16:51:38 +0000] "GET /api/session HTTP/1.1" 304 -
::1 - - [15/May/2022:16:51:38 +0000] "GET /api/session HTTP/1.1" 304 -
::1 - - [15/May/2022:16:51:38 +0000] "GET /api/session HTTP/1.1" 304 -
::1 - - [15/May/2022:16:51:38 +0000] "GET /api/session HTTP/1.1" 304 -
::1 - - [15/May/2022:16:51:38 +0000] "GET /api/session HTTP/1.1" 304 -
::1 - - [15/May/2022:16:51:56 +0000] "GET /api/users HTTP/1.1" 200 98
::1 - - [15/May/2022:16:53:53 +0000] "GET /api/test HTTP/1.1" - -
::1 - - [15/May/2022:16:53:54 +0000] "GET /api/users HTTP/1.1" 200 98
::1 - - [15/May/2022:16:54:24 +0000] "GET /api/users HTTP/1.1" 200 98
::1 - - [15/May/2022:16:54:24 +0000] "GET /favicon.ico HTTP/1.1" 404 150
::1 - - [15/May/2022:16:55:06 +0000] "GET /api/test HTTP/1.1" - -
::1 - - [15/May/2022:16:55:06 +0000] "GET /api/users HTTP/1.1" 304 -
